This is pdfTeX, Version 3.141592653-2.6-1.40.25 (TeX Live 2023) (preloaded format=pdfetex 2023.12.4)  4 DEC 2023 17:34
entering extended mode
 restricted \write18 enabled.
 file:line:error style messages enabled.
 %&-line parsing enabled.
**\input ./smartcalc.texi \input ./smartcalc.texi
(./smartcalc.texi (/usr/local/texlive/2023/texmf-dist/tex/texinfo/texinfo.tex
Loading texinfo [version 2023-03-04.12]:
\bindingoffset=\dimen16
\normaloffset=\dimen17
\txipagewidth=\dimen18
\txipageheight=\dimen19
\defaultoutput=\toks13
\headlinebox=\box16
\footlinebox=\box17
\savedtopmark=\toks14
\margin=\insert252
\EMsimple=\toks15
\groupbox=\box18
\groupinvalidhelp=\toks16
\mil=\dimen20
\exdentamount=\skip18
\inmarginspacing=\skip19
\centerpenalty=\count27
 pdf,
\tempnum=\count28
\lnkcount=\count29
\filename=\toks17
\filenamelength=\count30
\pgn=\count31
\toksA=\toks18
\toksB=\toks19
\toksC=\toks20
\toksD=\toks21
\boxA=\box19
\boxB=\box20
\countA=\count32
\pagecount=\count33
\romancount=\count34
\arabiccount=\count35
\nopdfimagehelp=\toks22
 fonts,
\textleading=\dimen21
\sffam=\fam8
\fontdepth=\count36
 glyphs,
\errorbox=\box21
 page headings,
\titlepagetopglue=\skip20
\titlepagebottomglue=\skip21
\evenheadline=\toks23
\oddheadline=\toks24
\evenchapheadline=\toks25
\oddchapheadline=\toks26
\evenfootline=\toks27
\oddfootline=\toks28

tables,
\tableindent=\dimen22
\itemindent=\dimen23
\itemmargin=\dimen24
\itemmax=\dimen25
\itemno=\count37
\colcount=\count38
\everytab=\toks29
 conditionals,
\doignorecount=\count39
 indexing,
\dummybox=\box22
\whatsitskip=\skip22
\whatsitpenalty=\count40
\entryrightmargin=\dimen26
\thinshrinkable=\skip23
\partialpage=\box23
\doublecolumnhsize=\dimen27
\balancedcolumns=\box24
 sectioning,
\unnumberedno=\count41
\chapno=\count42
\secno=\count43
\subsecno=\count44
\subsubsecno=\count45
\appendixno=\count46
\absseclevel=\count47
\secbase=\count48
\chapheadingskip=\skip24
\secheadingskip=\skip25
\subsecheadingskip=\skip26
 toc,
\tocfile=\write0
\contentsrightmargin=\skip27
\savepageno=\count49
\lastnegativepageno=\count50
\tocindent=\dimen28
 environments,
\lispnarrowing=\skip28
\envskipamount=\skip29
\lskip=\skip30
\rskip=\skip31
\circthick=\dimen29
\cartouter=\dimen30
\cartinner=\dimen31
\normbskip=\skip32
\normpskip=\skip33
\normlskip=\skip34
\nonfillparindent=\dimen32
\tabw=\dimen33
\verbbox=\box25
 defuns,
\defbodyindent=\skip35
\defargsindent=\skip36
\deflastargmargin=\skip37
\defunpenalty=\count51
\parencount=\count52
\brackcount=\count53
 macros,
\paramno=\count54
\macname=\toks30

cross references,
\auxfile=\write1
\savesfregister=\count55
\toprefbox=\box26
\printedrefnamebox=\box27
\infofilenamebox=\box28
\printedmanualbox=\box29
 insertions,
\footnoteno=\count56
\SAVEfootins=\box30
\SAVEmargin=\box31

(/usr/local/texlive/2023/texmf-dist/tex/generic/epsf/epsf.tex
This is `epsf.tex' v2.7.4 <14 February 2011>
\epsffilein=\read1
\epsfframemargin=\dimen34
\epsfframethickness=\dimen35
\epsfrsize=\dimen36
\epsftmp=\dimen37
\epsftsize=\dimen38
\epsfxsize=\dimen39
\epsfysize=\dimen40
\pspoints=\dimen41
)
\noepsfhelp=\toks31
\capheight=\dimen42
 localization,
\nolanghelp=\toks32
\countUTFx=\count57
\countUTFy=\count58
\countUTFz=\count59
 formatting,
\defaultparindent=\dimen43
 microtype,
\countC=\count60
\countB=\count61
 and turning on texinfo input format.)
texinfo.tex: doing @include of version.texi


(/Users/macbook/Desktop/s21_smart_calc_v2.0_2/src/doc/version.texi) [1{/usr/loc
al/texlive/2023/texmf-var/fonts/map/pdftex/updmap/pdftex.map}] [2]
(/Users/macbook/Desktop/s21_smart_calc_v2.0_2/src/doc/smartcalc.toc) [-1]
(/Users/macbook/Desktop/s21_smart_calc_v2.0_2/src/doc/smartcalc.toc)
(/Users/macbook/Desktop/s21_smart_calc_v2.0_2/src/doc/smartcalc.toc) Chapter 1
\openout0 = `smartcalc.toc'.


(/Users/macbook/Desktop/s21_smart_calc_v2.0_2/src/doc/smartcalc.aux)
\openout1 = `smartcalc.aux'.

 [1]
Chapter 2 [2] </Users/macbook/Desktop/s21_smart_calc_v2.0_2/src/doc/images/calc
.png> </Users/macbook/Desktop/s21_smart_calc_v2.0_2/src/doc/images/graph.png> <
/Users/macbook/Desktop/s21_smart_calc_v2.0_2/src/doc/images/credit.png>
[3] </Users/macbook/Desktop/s21_smart_calc_v2.0_2/src/doc/images/deposit.png>
[4] ) 
Here is how much of TeX's memory you used:
 3654 strings out of 494595
 37416 string characters out of 6146447
 78212 words of memory out of 5000000
 5181 multiletter control sequences out of 15000+600000
 34203 words of font info for 119 fonts, out of 8000000 for 9000
 1453 hyphenation exceptions out of 8191
 13i,6n,16p,341b,170s stack positions out of 10000i,1000n,20000p,200000b,200000s
</usr/local/texlive/2023/texmf-dist/fonts/type1/public/amsfonts/cm/cmbx12.
pfb></usr/local/texlive/2023/texmf-dist/fonts/type1/public/amsfonts/cm/cmmi12.p
fb></usr/local/texlive/2023/texmf-dist/fonts/type1/public/amsfonts/cm/cmr10.pfb
></usr/local/texlive/2023/texmf-dist/fonts/type1/public/amsfonts/cm/cmsy10.pfb>
</usr/local/texlive/2023/texmf-dist/fonts/type1/public/amsfonts/cm/cmtt10.pfb><
/usr/local/texlive/2023/texmf-dist/fonts/type1/public/amsfonts/cm/cmtt12.pfb>
Output written on smartcalc.pdf (7 pages, 298835 bytes).
PDF statistics:
 87 PDF objects out of 1000 (max. 8388607)
 60 compressed objects within 1 object stream
 7 named destinations out of 1000 (max. 500000)
 561 words of extra memory for PDF output out of 10000 (max. 10000000)

